
2020-06-20 18:13:42,965 INFO org.example.Application [main] ||  || Starting Application on DESKTOP-0K9OM3V with PID 10188 (C:\Users\Mikhail\IdeaProjects\Spring-REST\target\classes started by Mikhail in C:\Users\Mikhail\IdeaProjects\Spring-REST)
2020-06-20 18:13:42,973 DEBUG org.example.Application [main] ||  || Running with Spring Boot v2.2.2.RELEASE, Spring v5.2.2.RELEASE
2020-06-20 18:13:42,976 INFO org.example.Application [main] ||  || No active profile set, falling back to default profiles: default
2020-06-20 18:13:45,113 INFO org.springframework.web.context.ContextLoader [main] ||  || Root WebApplicationContext: initialization completed in 1980 ms
2020-06-20 18:13:45,899 INFO org.example.Application [main] ||  || Started Application in 3.982 seconds (JVM running for 7.59)
2020-06-20 18:13:58,287 INFO org.springframework.web.servlet.DispatcherServlet [http-nio-8080-exec-1] ||  || Initializing Servlet 'dispatcherServlet'
2020-06-20 18:13:58,303 INFO org.springframework.web.servlet.DispatcherServlet [http-nio-8080-exec-1] ||  || Completed initialization in 16 ms
2020-06-20 18:14:08,927 INFO org.example.rest.Controller [pool-1-thread-MyThreadPool-1] || 5474d212-d9e8-40d4-853d-e9441a5bfabd || GET Request
2020-06-20 18:16:03,231 ERROR org.example.rest.Controller [http-nio-8080-exec-1] ||  || Error
java.util.concurrent.CompletionException: java.lang.RuntimeException: Test error
	at java.util.concurrent.CompletableFuture.encodeThrowable(CompletableFuture.java:273)
	at java.util.concurrent.CompletableFuture.completeThrowable(CompletableFuture.java:280)
	at java.util.concurrent.CompletableFuture$AsyncRun.run$$$capture(CompletableFuture.java:1629)
	at java.util.concurrent.CompletableFuture$AsyncRun.run(CompletableFuture.java)
	at java.util.concurrent.ThreadPoolExecutor.runWorker(ThreadPoolExecutor.java:1149)
	at java.util.concurrent.ThreadPoolExecutor$Worker.run(ThreadPoolExecutor.java:624)
	at java.lang.Thread.run(Thread.java:748)
Caused by: java.lang.RuntimeException: Test error
	at org.example.rest.Controller.lambda$ping$0(Controller.java:48)
	at org.example.mdc.MDCExecutorService.lambda$run$0(MDCExecutorService.java:21)
	at java.util.concurrent.CompletableFuture$AsyncRun.run$$$capture(CompletableFuture.java:1626)
	... 4 common frames omitted
2020-06-20 18:23:42,439 INFO org.example.Application [main] ||  || Starting Application on DESKTOP-0K9OM3V with PID 1040 (C:\Users\Mikhail\IdeaProjects\Spring-REST\target\classes started by Mikhail in C:\Users\Mikhail\IdeaProjects\Spring-REST)
2020-06-20 18:23:42,447 DEBUG org.example.Application [main] ||  || Running with Spring Boot v2.2.2.RELEASE, Spring v5.2.2.RELEASE
2020-06-20 18:23:42,448 INFO org.example.Application [main] ||  || No active profile set, falling back to default profiles: default
2020-06-20 18:23:44,484 INFO org.springframework.web.context.ContextLoader [main] ||  || Root WebApplicationContext: initialization completed in 1792 ms
2020-06-20 18:23:45,091 INFO org.example.Application [main] ||  || Started Application in 3.801 seconds (JVM running for 7.169)
2020-06-20 18:24:16,052 INFO org.springframework.web.servlet.DispatcherServlet [http-nio-8080-exec-1] ||  || Initializing Servlet 'dispatcherServlet'
2020-06-20 18:24:16,072 INFO org.springframework.web.servlet.DispatcherServlet [http-nio-8080-exec-1] ||  || Completed initialization in 20 ms
2020-06-20 18:24:31,052 INFO org.example.rest.Controller [pool-1-thread-MyThreadPool-1] || f083ef8b-2767-4eac-8182-cd1c74f58e64 || GET Request
2020-06-20 18:24:41,452 ERROR org.example.rest.Controller [http-nio-8080-exec-1] ||  || Error
java.lang.RuntimeException: Test error
	at org.example.rest.Controller.lambda$ping$0(Controller.java:49)
	at org.example.mdc.MDCExecutorService.lambda$run$0(MDCExecutorService.java:21)
	at java.util.concurrent.CompletableFuture$AsyncRun.run$$$capture(CompletableFuture.java:1626)
	at java.util.concurrent.CompletableFuture$AsyncRun.run(CompletableFuture.java)
	at java.util.concurrent.ThreadPoolExecutor.runWorker(ThreadPoolExecutor.java:1149)
	at java.util.concurrent.ThreadPoolExecutor$Worker.run(ThreadPoolExecutor.java:624)
	at java.lang.Thread.run(Thread.java:748)
2020-06-20 19:05:22,069 INFO org.example.Application [main] ||  || Starting Application on DESKTOP-0K9OM3V with PID 4224 (C:\Users\Mikhail\IdeaProjects\Spring-REST\target\classes started by Mikhail in C:\Users\Mikhail\IdeaProjects\Spring-REST)
2020-06-20 19:05:22,091 DEBUG org.example.Application [main] ||  || Running with Spring Boot v2.2.2.RELEASE, Spring v5.2.2.RELEASE
2020-06-20 19:05:22,091 INFO org.example.Application [main] ||  || No active profile set, falling back to default profiles: default
2020-06-20 19:05:24,664 INFO org.springframework.web.context.ContextLoader [main] ||  || Root WebApplicationContext: initialization completed in 2426 ms
2020-06-20 19:05:25,481 INFO org.example.Application [main] ||  || Started Application in 4.983 seconds (JVM running for 8.774)
2020-06-20 19:05:27,442 INFO org.springframework.web.servlet.DispatcherServlet [http-nio-8080-exec-1] ||  || Initializing Servlet 'dispatcherServlet'
2020-06-20 19:05:27,455 INFO org.springframework.web.servlet.DispatcherServlet [http-nio-8080-exec-1] ||  || Completed initialization in 13 ms
2020-06-20 19:05:27,499 INFO org.example.rest.Controller [pool-1-thread-MyThreadPool-1] || d41a8ed3-10a1-4e27-9947-60e05117c563 || GET Request
2020-06-20 19:05:27,499 ERROR org.example.rest.Controller [http-nio-8080-exec-1] ||  || Error
java.lang.RuntimeException: Test error
	at org.example.rest.Controller.lambda$ping$0(Controller.java:49)
	at org.example.mdc.MDCExecutorService.lambda$run$0(MDCExecutorService.java:21)
	at java.util.concurrent.CompletableFuture$AsyncRun.run$$$capture(CompletableFuture.java:1626)
	at java.util.concurrent.CompletableFuture$AsyncRun.run(CompletableFuture.java)
	at java.util.concurrent.ThreadPoolExecutor.runWorker(ThreadPoolExecutor.java:1149)
	at java.util.concurrent.ThreadPoolExecutor$Worker.run(ThreadPoolExecutor.java:624)
	at java.lang.Thread.run(Thread.java:748)
2020-06-20 21:02:20,549 INFO org.example.Application [main] ||  || Starting Application on DESKTOP-0K9OM3V with PID 5892 (C:\Users\Mikhail\IdeaProjects\Spring-REST\target\classes started by Mikhail in C:\Users\Mikhail\IdeaProjects\Spring-REST)
2020-06-20 21:02:20,557 DEBUG org.example.Application [main] ||  || Running with Spring Boot v2.2.2.RELEASE, Spring v5.2.2.RELEASE
2020-06-20 21:02:20,558 INFO org.example.Application [main] ||  || No active profile set, falling back to default profiles: default
2020-06-20 21:02:23,053 INFO org.springframework.web.context.ContextLoader [main] ||  || Root WebApplicationContext: initialization completed in 2356 ms
2020-06-20 21:02:23,695 INFO org.example.Application [main] ||  || Started Application in 4.004 seconds (JVM running for 6.719)
2020-06-20 21:02:35,736 INFO org.springframework.web.servlet.DispatcherServlet [http-nio-8080-exec-1] ||  || Initializing Servlet 'dispatcherServlet'
2020-06-20 21:02:35,745 INFO org.springframework.web.servlet.DispatcherServlet [http-nio-8080-exec-1] ||  || Completed initialization in 9 ms
2020-06-20 21:02:35,796 INFO org.example.rest.Controller [pool-1-thread-MyThreadPool-1] || b4e6f3b7-659b-4f53-bc45-a73b23f570e0 || GET Request
2020-06-20 21:02:35,800 ERROR org.example.rest.Controller [http-nio-8080-exec-1] ||  || Error
java.lang.RuntimeException: Test error
	at org.example.rest.Controller.lambda$ping$0(Controller.java:49)
	at org.example.mdc.MDCExecutorService.lambda$run$0(MDCExecutorService.java:24)
	at java.util.concurrent.CompletableFuture$AsyncRun.run(CompletableFuture.java:1626)
	at java.util.concurrent.ThreadPoolExecutor.runWorker(ThreadPoolExecutor.java:1149)
	at java.util.concurrent.ThreadPoolExecutor$Worker.run(ThreadPoolExecutor.java:624)
	at java.lang.Thread.run(Thread.java:748)
2020-06-20 21:02:36,644 INFO org.example.rest.Controller [pool-1-thread-MyThreadPool-2] || b4fa2ca9-2eb0-4237-acca-08ae632d1dc9 || GET Request
2020-06-20 21:02:36,646 ERROR org.example.rest.Controller [http-nio-8080-exec-2] ||  || Error
java.lang.RuntimeException: Test error
	at org.example.rest.Controller.lambda$ping$0(Controller.java:49)
	at org.example.mdc.MDCExecutorService.lambda$run$0(MDCExecutorService.java:24)
	at java.util.concurrent.CompletableFuture$AsyncRun.run(CompletableFuture.java:1626)
	at java.util.concurrent.ThreadPoolExecutor.runWorker(ThreadPoolExecutor.java:1149)
	at java.util.concurrent.ThreadPoolExecutor$Worker.run(ThreadPoolExecutor.java:624)
	at java.lang.Thread.run(Thread.java:748)
2020-06-20 21:02:36,997 INFO org.example.rest.Controller [pool-1-thread-MyThreadPool-3] || 80d58648-2472-4a32-9fa2-af367b34c18e || GET Request
2020-06-20 21:02:36,998 ERROR org.example.rest.Controller [http-nio-8080-exec-3] ||  || Error
java.lang.RuntimeException: Test error
	at org.example.rest.Controller.lambda$ping$0(Controller.java:49)
	at org.example.mdc.MDCExecutorService.lambda$run$0(MDCExecutorService.java:24)
	at java.util.concurrent.CompletableFuture$AsyncRun.run(CompletableFuture.java:1626)
	at java.util.concurrent.ThreadPoolExecutor.runWorker(ThreadPoolExecutor.java:1149)
	at java.util.concurrent.ThreadPoolExecutor$Worker.run(ThreadPoolExecutor.java:624)
	at java.lang.Thread.run(Thread.java:748)
2020-06-20 22:20:07,766 INFO org.example.Application [main] ||  || Starting Application on DESKTOP-0K9OM3V with PID 3084 (C:\Users\Mikhail\IdeaProjects\Spring-REST\target\classes started by Mikhail in C:\Users\Mikhail\IdeaProjects\Spring-REST)
2020-06-20 22:20:07,766 DEBUG org.example.Application [main] ||  || Running with Spring Boot v2.2.2.RELEASE, Spring v5.2.2.RELEASE
2020-06-20 22:20:07,766 INFO org.example.Application [main] ||  || No active profile set, falling back to default profiles: default
2020-06-20 22:20:10,018 INFO org.springframework.web.context.ContextLoader [main] ||  || Root WebApplicationContext: initialization completed in 2130 ms
2020-06-20 22:20:10,672 INFO org.example.Application [main] ||  || Started Application in 3.761 seconds (JVM running for 6.462)
2020-06-20 22:20:39,722 INFO org.springframework.web.servlet.DispatcherServlet [http-nio-8080-exec-1] ||  || Initializing Servlet 'dispatcherServlet'
2020-06-20 22:20:39,729 INFO org.springframework.web.servlet.DispatcherServlet [http-nio-8080-exec-1] ||  || Completed initialization in 7 ms
2020-06-20 22:20:39,763 INFO org.example.rest.Controller [threadPool-1-poolName-MyThreadPool-1] || 9d211c1a-9b7c-4523-ad14-4f6651204792 || GET Request
2020-06-20 22:20:39,763 INFO org.example.rest.Controller [threadPool-1-poolName-MyThreadPool-1] || 9d211c1a-9b7c-4523-ad14-4f6651204792 || GET Request
2020-06-20 22:20:39,763 INFO org.example.rest.Controller [threadPool-1-poolName-MyThreadPool-1] || 9d211c1a-9b7c-4523-ad14-4f6651204792 || GET Request
2020-06-20 22:20:39,763 INFO org.example.rest.Controller [threadPool-1-poolName-MyThreadPool-1] || 9d211c1a-9b7c-4523-ad14-4f6651204792 || GET Request
2020-06-20 22:20:39,763 INFO org.example.rest.Controller [threadPool-1-poolName-MyThreadPool-1] || 9d211c1a-9b7c-4523-ad14-4f6651204792 || GET Request
2020-06-20 22:20:39,763 INFO org.example.rest.Controller [threadPool-1-poolName-MyThreadPool-1] || 9d211c1a-9b7c-4523-ad14-4f6651204792 || GET Request
2020-06-20 22:20:39,764 INFO org.example.rest.Controller [threadPool-1-poolName-MyThreadPool-1] || 9d211c1a-9b7c-4523-ad14-4f6651204792 || GET Request
2020-06-20 22:20:39,764 INFO org.example.rest.Controller [threadPool-1-poolName-MyThreadPool-1] || 9d211c1a-9b7c-4523-ad14-4f6651204792 || GET Request
2020-06-20 22:20:39,764 INFO org.example.rest.Controller [threadPool-1-poolName-MyThreadPool-1] || 9d211c1a-9b7c-4523-ad14-4f6651204792 || GET Request
2020-06-20 22:20:39,764 INFO org.example.rest.Controller [threadPool-1-poolName-MyThreadPool-1] || 9d211c1a-9b7c-4523-ad14-4f6651204792 || GET Request
2020-06-20 22:20:39,764 INFO org.example.rest.Controller [threadPool-1-poolName-MyThreadPool-1] || 9d211c1a-9b7c-4523-ad14-4f6651204792 || GET Request
2020-06-20 22:20:39,764 INFO org.example.rest.Controller [threadPool-1-poolName-MyThreadPool-1] || 9d211c1a-9b7c-4523-ad14-4f6651204792 || GET Request
2020-06-20 22:20:39,764 INFO org.example.rest.Controller [threadPool-1-poolName-MyThreadPool-1] || 9d211c1a-9b7c-4523-ad14-4f6651204792 || GET Request
2020-06-20 22:20:39,764 INFO org.example.rest.Controller [threadPool-1-poolName-MyThreadPool-1] || 9d211c1a-9b7c-4523-ad14-4f6651204792 || GET Request
2020-06-20 22:20:39,764 INFO org.example.rest.Controller [threadPool-1-poolName-MyThreadPool-1] || 9d211c1a-9b7c-4523-ad14-4f6651204792 || GET Request
2020-06-20 22:20:39,764 INFO org.example.rest.Controller [threadPool-1-poolName-MyThreadPool-1] || 9d211c1a-9b7c-4523-ad14-4f6651204792 || GET Request
2020-06-20 22:20:39,764 INFO org.example.rest.Controller [threadPool-1-poolName-MyThreadPool-1] || 9d211c1a-9b7c-4523-ad14-4f6651204792 || GET Request
2020-06-20 22:20:39,764 INFO org.example.rest.Controller [threadPool-1-poolName-MyThreadPool-1] || 9d211c1a-9b7c-4523-ad14-4f6651204792 || GET Request
2020-06-20 22:20:39,764 INFO org.example.rest.Controller [threadPool-1-poolName-MyThreadPool-1] || 9d211c1a-9b7c-4523-ad14-4f6651204792 || GET Request
2020-06-20 22:20:39,764 INFO org.example.rest.Controller [threadPool-1-poolName-MyThreadPool-1] || 9d211c1a-9b7c-4523-ad14-4f6651204792 || GET Request
2020-06-20 22:20:39,767 ERROR org.example.rest.Controller [http-nio-8080-exec-1] ||  || Error
java.lang.RuntimeException: Test error
	at org.example.rest.Controller.lambda$ping$0(Controller.java:42)
	at org.example.mdc.MDCExecutorService.lambda$run$0(MDCExecutorService.java:26)
	at java.util.concurrent.CompletableFuture$AsyncRun.run(CompletableFuture.java:1626)
	at java.util.concurrent.ThreadPoolExecutor.runWorker(ThreadPoolExecutor.java:1149)
	at java.util.concurrent.ThreadPoolExecutor$Worker.run(ThreadPoolExecutor.java:624)
	at java.lang.Thread.run(Thread.java:748)
2020-06-20 22:20:40,561 INFO org.example.rest.Controller [threadPool-1-poolName-MyThreadPool-2] || f9fd1659-3894-472b-a9ec-80516065e36f || GET Request
2020-06-20 22:20:40,561 INFO org.example.rest.Controller [threadPool-1-poolName-MyThreadPool-2] || f9fd1659-3894-472b-a9ec-80516065e36f || GET Request
2020-06-20 22:20:40,561 INFO org.example.rest.Controller [threadPool-1-poolName-MyThreadPool-2] || f9fd1659-3894-472b-a9ec-80516065e36f || GET Request
2020-06-20 22:20:40,561 INFO org.example.rest.Controller [threadPool-1-poolName-MyThreadPool-2] || f9fd1659-3894-472b-a9ec-80516065e36f || GET Request
2020-06-20 22:20:40,562 INFO org.example.rest.Controller [threadPool-1-poolName-MyThreadPool-2] || f9fd1659-3894-472b-a9ec-80516065e36f || GET Request
2020-06-20 22:20:40,562 INFO org.example.rest.Controller [threadPool-1-poolName-MyThreadPool-2] || f9fd1659-3894-472b-a9ec-80516065e36f || GET Request
2020-06-20 22:20:40,562 INFO org.example.rest.Controller [threadPool-1-poolName-MyThreadPool-2] || f9fd1659-3894-472b-a9ec-80516065e36f || GET Request
2020-06-20 22:20:40,562 INFO org.example.rest.Controller [threadPool-1-poolName-MyThreadPool-2] || f9fd1659-3894-472b-a9ec-80516065e36f || GET Request
2020-06-20 22:20:40,562 INFO org.example.rest.Controller [threadPool-1-poolName-MyThreadPool-2] || f9fd1659-3894-472b-a9ec-80516065e36f || GET Request
2020-06-20 22:20:40,562 INFO org.example.rest.Controller [threadPool-1-poolName-MyThreadPool-2] || f9fd1659-3894-472b-a9ec-80516065e36f || GET Request
2020-06-20 22:20:40,562 INFO org.example.rest.Controller [threadPool-1-poolName-MyThreadPool-2] || f9fd1659-3894-472b-a9ec-80516065e36f || GET Request
2020-06-20 22:20:40,562 INFO org.example.rest.Controller [threadPool-1-poolName-MyThreadPool-2] || f9fd1659-3894-472b-a9ec-80516065e36f || GET Request
2020-06-20 22:20:40,562 INFO org.example.rest.Controller [threadPool-1-poolName-MyThreadPool-2] || f9fd1659-3894-472b-a9ec-80516065e36f || GET Request
2020-06-20 22:20:40,562 INFO org.example.rest.Controller [threadPool-1-poolName-MyThreadPool-2] || f9fd1659-3894-472b-a9ec-80516065e36f || GET Request
2020-06-20 22:20:40,562 INFO org.example.rest.Controller [threadPool-1-poolName-MyThreadPool-2] || f9fd1659-3894-472b-a9ec-80516065e36f || GET Request
2020-06-20 22:20:40,562 INFO org.example.rest.Controller [threadPool-1-poolName-MyThreadPool-2] || f9fd1659-3894-472b-a9ec-80516065e36f || GET Request
2020-06-20 22:20:40,562 INFO org.example.rest.Controller [threadPool-1-poolName-MyThreadPool-2] || f9fd1659-3894-472b-a9ec-80516065e36f || GET Request
2020-06-20 22:20:40,562 INFO org.example.rest.Controller [threadPool-1-poolName-MyThreadPool-2] || f9fd1659-3894-472b-a9ec-80516065e36f || GET Request
2020-06-20 22:20:40,562 INFO org.example.rest.Controller [threadPool-1-poolName-MyThreadPool-2] || f9fd1659-3894-472b-a9ec-80516065e36f || GET Request
2020-06-20 22:20:40,562 INFO org.example.rest.Controller [threadPool-1-poolName-MyThreadPool-2] || f9fd1659-3894-472b-a9ec-80516065e36f || GET Request
2020-06-20 22:20:40,563 ERROR org.example.rest.Controller [http-nio-8080-exec-2] ||  || Error
java.lang.RuntimeException: Test error
	at org.example.rest.Controller.lambda$ping$0(Controller.java:42)
	at org.example.mdc.MDCExecutorService.lambda$run$0(MDCExecutorService.java:26)
	at java.util.concurrent.CompletableFuture$AsyncRun.run(CompletableFuture.java:1626)
	at java.util.concurrent.ThreadPoolExecutor.runWorker(ThreadPoolExecutor.java:1149)
	at java.util.concurrent.ThreadPoolExecutor$Worker.run(ThreadPoolExecutor.java:624)
	at java.lang.Thread.run(Thread.java:748)
2020-06-20 22:22:43,730 INFO org.example.Application [main] ||  || Starting Application on DESKTOP-0K9OM3V with PID 7276 (C:\Users\Mikhail\IdeaProjects\Spring-REST\target\classes started by Mikhail in C:\Users\Mikhail\IdeaProjects\Spring-REST)
2020-06-20 22:22:43,742 DEBUG org.example.Application [main] ||  || Running with Spring Boot v2.2.2.RELEASE, Spring v5.2.2.RELEASE
2020-06-20 22:22:43,743 INFO org.example.Application [main] ||  || No active profile set, falling back to default profiles: default
2020-06-20 22:22:45,501 INFO org.springframework.web.context.ContextLoader [main] ||  || Root WebApplicationContext: initialization completed in 1645 ms
2020-06-20 22:22:45,964 INFO org.example.Application [main] ||  || Started Application in 3.266 seconds (JVM running for 5.872)
2020-06-20 22:22:57,412 INFO org.springframework.web.servlet.DispatcherServlet [http-nio-8080-exec-1] ||  || Initializing Servlet 'dispatcherServlet'
2020-06-20 22:22:57,421 INFO org.springframework.web.servlet.DispatcherServlet [http-nio-8080-exec-1] ||  || Completed initialization in 8 ms
2020-06-20 22:22:57,460 INFO org.example.rest.Controller [threadPool-1-poolName-MyThreadPool-1] || b7029302-55da-4c7c-9ad8-3b9338c9e83b || GET Request
2020-06-20 22:22:57,461 INFO org.example.rest.Controller [threadPool-1-poolName-MyThreadPool-1] || b7029302-55da-4c7c-9ad8-3b9338c9e83b || GET Request
2020-06-20 22:22:57,461 INFO org.example.rest.Controller [threadPool-1-poolName-MyThreadPool-1] || b7029302-55da-4c7c-9ad8-3b9338c9e83b || GET Request
2020-06-20 22:22:57,461 INFO org.example.rest.Controller [threadPool-1-poolName-MyThreadPool-1] || b7029302-55da-4c7c-9ad8-3b9338c9e83b || GET Request
2020-06-20 22:22:57,461 INFO org.example.rest.Controller [threadPool-1-poolName-MyThreadPool-1] || b7029302-55da-4c7c-9ad8-3b9338c9e83b || GET Request
2020-06-20 22:22:57,461 INFO org.example.rest.Controller [threadPool-1-poolName-MyThreadPool-1] || b7029302-55da-4c7c-9ad8-3b9338c9e83b || GET Request
2020-06-20 22:22:57,461 INFO org.example.rest.Controller [threadPool-1-poolName-MyThreadPool-1] || b7029302-55da-4c7c-9ad8-3b9338c9e83b || GET Request
2020-06-20 22:22:57,461 INFO org.example.rest.Controller [threadPool-1-poolName-MyThreadPool-1] || b7029302-55da-4c7c-9ad8-3b9338c9e83b || GET Request
2020-06-20 22:22:57,461 INFO org.example.rest.Controller [threadPool-1-poolName-MyThreadPool-1] || b7029302-55da-4c7c-9ad8-3b9338c9e83b || GET Request
2020-06-20 22:22:57,462 INFO org.example.rest.Controller [threadPool-1-poolName-MyThreadPool-1] || b7029302-55da-4c7c-9ad8-3b9338c9e83b || GET Request
2020-06-20 22:22:57,462 INFO org.example.rest.Controller [threadPool-1-poolName-MyThreadPool-1] || b7029302-55da-4c7c-9ad8-3b9338c9e83b || GET Request
2020-06-20 22:22:57,462 INFO org.example.rest.Controller [threadPool-1-poolName-MyThreadPool-1] || b7029302-55da-4c7c-9ad8-3b9338c9e83b || GET Request
2020-06-20 22:22:57,462 INFO org.example.rest.Controller [threadPool-1-poolName-MyThreadPool-1] || b7029302-55da-4c7c-9ad8-3b9338c9e83b || GET Request
2020-06-20 22:22:57,462 INFO org.example.rest.Controller [threadPool-1-poolName-MyThreadPool-1] || b7029302-55da-4c7c-9ad8-3b9338c9e83b || GET Request
2020-06-20 22:22:57,462 INFO org.example.rest.Controller [threadPool-1-poolName-MyThreadPool-1] || b7029302-55da-4c7c-9ad8-3b9338c9e83b || GET Request
2020-06-20 22:22:57,462 INFO org.example.rest.Controller [threadPool-1-poolName-MyThreadPool-1] || b7029302-55da-4c7c-9ad8-3b9338c9e83b || GET Request
2020-06-20 22:22:57,462 INFO org.example.rest.Controller [threadPool-1-poolName-MyThreadPool-1] || b7029302-55da-4c7c-9ad8-3b9338c9e83b || GET Request
2020-06-20 22:22:57,462 INFO org.example.rest.Controller [threadPool-1-poolName-MyThreadPool-1] || b7029302-55da-4c7c-9ad8-3b9338c9e83b || GET Request
2020-06-20 22:22:57,462 INFO org.example.rest.Controller [threadPool-1-poolName-MyThreadPool-1] || b7029302-55da-4c7c-9ad8-3b9338c9e83b || GET Request
2020-06-20 22:22:57,462 INFO org.example.rest.Controller [threadPool-1-poolName-MyThreadPool-1] || b7029302-55da-4c7c-9ad8-3b9338c9e83b || GET Request
2020-06-20 22:22:57,466 ERROR org.example.rest.Controller [http-nio-8080-exec-1] ||  || Error
java.lang.RuntimeException: Test error
	at org.example.rest.Controller.lambda$ping$0(Controller.java:42)
	at org.example.mdc.MDCExecutorService.lambda$run$0(MDCExecutorService.java:26)
	at java.util.concurrent.CompletableFuture$AsyncRun.run(CompletableFuture.java:1626)
	at java.util.concurrent.ThreadPoolExecutor.runWorker(ThreadPoolExecutor.java:1149)
	at java.util.concurrent.ThreadPoolExecutor$Worker.run(ThreadPoolExecutor.java:624)
	at java.lang.Thread.run(Thread.java:748)
2020-06-20 22:22:58,609 INFO org.example.rest.Controller [threadPool-1-poolName-MyThreadPool-2] || 1c59601d-f11a-4960-a4cb-06dd3ca7d738 || GET Request
2020-06-20 22:22:58,609 INFO org.example.rest.Controller [threadPool-1-poolName-MyThreadPool-2] || 1c59601d-f11a-4960-a4cb-06dd3ca7d738 || GET Request
2020-06-20 22:22:58,609 INFO org.example.rest.Controller [threadPool-1-poolName-MyThreadPool-2] || 1c59601d-f11a-4960-a4cb-06dd3ca7d738 || GET Request
2020-06-20 22:22:58,609 INFO org.example.rest.Controller [threadPool-1-poolName-MyThreadPool-2] || 1c59601d-f11a-4960-a4cb-06dd3ca7d738 || GET Request
2020-06-20 22:22:58,609 INFO org.example.rest.Controller [threadPool-1-poolName-MyThreadPool-2] || 1c59601d-f11a-4960-a4cb-06dd3ca7d738 || GET Request
2020-06-20 22:22:58,609 INFO org.example.rest.Controller [threadPool-1-poolName-MyThreadPool-2] || 1c59601d-f11a-4960-a4cb-06dd3ca7d738 || GET Request
2020-06-20 22:22:58,609 INFO org.example.rest.Controller [threadPool-1-poolName-MyThreadPool-2] || 1c59601d-f11a-4960-a4cb-06dd3ca7d738 || GET Request
2020-06-20 22:22:58,609 INFO org.example.rest.Controller [threadPool-1-poolName-MyThreadPool-2] || 1c59601d-f11a-4960-a4cb-06dd3ca7d738 || GET Request
2020-06-20 22:22:58,609 INFO org.example.rest.Controller [threadPool-1-poolName-MyThreadPool-2] || 1c59601d-f11a-4960-a4cb-06dd3ca7d738 || GET Request
2020-06-20 22:22:58,609 INFO org.example.rest.Controller [threadPool-1-poolName-MyThreadPool-2] || 1c59601d-f11a-4960-a4cb-06dd3ca7d738 || GET Request
2020-06-20 22:22:58,609 INFO org.example.rest.Controller [threadPool-1-poolName-MyThreadPool-2] || 1c59601d-f11a-4960-a4cb-06dd3ca7d738 || GET Request
2020-06-20 22:22:58,609 INFO org.example.rest.Controller [threadPool-1-poolName-MyThreadPool-2] || 1c59601d-f11a-4960-a4cb-06dd3ca7d738 || GET Request
2020-06-20 22:22:58,610 INFO org.example.rest.Controller [threadPool-1-poolName-MyThreadPool-2] || 1c59601d-f11a-4960-a4cb-06dd3ca7d738 || GET Request
2020-06-20 22:22:58,610 INFO org.example.rest.Controller [threadPool-1-poolName-MyThreadPool-2] || 1c59601d-f11a-4960-a4cb-06dd3ca7d738 || GET Request
2020-06-20 22:22:58,610 INFO org.example.rest.Controller [threadPool-1-poolName-MyThreadPool-2] || 1c59601d-f11a-4960-a4cb-06dd3ca7d738 || GET Request
2020-06-20 22:22:58,610 INFO org.example.rest.Controller [threadPool-1-poolName-MyThreadPool-2] || 1c59601d-f11a-4960-a4cb-06dd3ca7d738 || GET Request
2020-06-20 22:22:58,610 INFO org.example.rest.Controller [threadPool-1-poolName-MyThreadPool-2] || 1c59601d-f11a-4960-a4cb-06dd3ca7d738 || GET Request
2020-06-20 22:22:58,610 INFO org.example.rest.Controller [threadPool-1-poolName-MyThreadPool-2] || 1c59601d-f11a-4960-a4cb-06dd3ca7d738 || GET Request
2020-06-20 22:22:58,610 INFO org.example.rest.Controller [threadPool-1-poolName-MyThreadPool-2] || 1c59601d-f11a-4960-a4cb-06dd3ca7d738 || GET Request
2020-06-20 22:22:58,610 INFO org.example.rest.Controller [threadPool-1-poolName-MyThreadPool-2] || 1c59601d-f11a-4960-a4cb-06dd3ca7d738 || GET Request
2020-06-20 22:22:58,611 ERROR org.example.rest.Controller [http-nio-8080-exec-2] ||  || Error
java.lang.RuntimeException: Test error
	at org.example.rest.Controller.lambda$ping$0(Controller.java:42)
	at org.example.mdc.MDCExecutorService.lambda$run$0(MDCExecutorService.java:26)
	at java.util.concurrent.CompletableFuture$AsyncRun.run(CompletableFuture.java:1626)
	at java.util.concurrent.ThreadPoolExecutor.runWorker(ThreadPoolExecutor.java:1149)
	at java.util.concurrent.ThreadPoolExecutor$Worker.run(ThreadPoolExecutor.java:624)
	at java.lang.Thread.run(Thread.java:748)
2020-06-20 22:24:02,633 INFO org.example.Application [main] ||  || Starting Application on DESKTOP-0K9OM3V with PID 3508 (C:\Users\Mikhail\IdeaProjects\Spring-REST\target\classes started by Mikhail in C:\Users\Mikhail\IdeaProjects\Spring-REST)
2020-06-20 22:24:02,637 DEBUG org.example.Application [main] ||  || Running with Spring Boot v2.2.2.RELEASE, Spring v5.2.2.RELEASE
2020-06-20 22:24:02,638 INFO org.example.Application [main] ||  || No active profile set, falling back to default profiles: default
2020-06-20 22:24:04,356 INFO org.springframework.web.context.ContextLoader [main] ||  || Root WebApplicationContext: initialization completed in 1627 ms
2020-06-20 22:24:04,911 INFO org.example.Application [main] ||  || Started Application in 3.25 seconds (JVM running for 5.844)
2020-06-20 22:24:12,740 INFO org.example.rest.Controller [SpringContextShutdownHook] ||  || Destroy method
2020-06-20 22:30:45,471 INFO org.example.Application [main] ||  || Starting Application on DESKTOP-0K9OM3V with PID 7980 (C:\Users\Mikhail\IdeaProjects\Spring-REST\target\classes started by Mikhail in C:\Users\Mikhail\IdeaProjects\Spring-REST)
2020-06-20 22:30:45,489 DEBUG org.example.Application [main] ||  || Running with Spring Boot v2.2.2.RELEASE, Spring v5.2.2.RELEASE
2020-06-20 22:30:45,499 INFO org.example.Application [main] ||  || No active profile set, falling back to default profiles: default
2020-06-20 22:30:47,711 INFO org.springframework.web.context.ContextLoader [main] ||  || Root WebApplicationContext: initialization completed in 2059 ms
2020-06-20 22:30:48,686 INFO org.example.Application [main] ||  || Started Application in 4.258 seconds (JVM running for 7.118)
2020-06-20 22:30:49,828 INFO org.springframework.web.servlet.DispatcherServlet [RMI TCP Connection(2)-172.17.191.33] ||  || Initializing Servlet 'dispatcherServlet'
2020-06-20 22:30:49,849 INFO org.springframework.web.servlet.DispatcherServlet [RMI TCP Connection(2)-172.17.191.33] ||  || Completed initialization in 20 ms
2020-06-20 22:35:33,556 INFO org.example.rest.Controller [threadPool-1-poolName-MyThreadPool-1] || 66932105-c995-42b2-8c9d-25ca6077282a || GET Request
2020-06-20 22:35:33,556 INFO org.example.rest.Controller [threadPool-1-poolName-MyThreadPool-1] || 66932105-c995-42b2-8c9d-25ca6077282a || GET Request
2020-06-20 22:35:33,556 INFO org.example.rest.Controller [threadPool-1-poolName-MyThreadPool-1] || 66932105-c995-42b2-8c9d-25ca6077282a || GET Request
2020-06-20 22:35:33,557 INFO org.example.rest.Controller [threadPool-1-poolName-MyThreadPool-1] || 66932105-c995-42b2-8c9d-25ca6077282a || GET Request
2020-06-20 22:35:33,557 INFO org.example.rest.Controller [threadPool-1-poolName-MyThreadPool-1] || 66932105-c995-42b2-8c9d-25ca6077282a || GET Request
2020-06-20 22:35:33,557 INFO org.example.rest.Controller [threadPool-1-poolName-MyThreadPool-1] || 66932105-c995-42b2-8c9d-25ca6077282a || GET Request
2020-06-20 22:35:33,557 INFO org.example.rest.Controller [threadPool-1-poolName-MyThreadPool-1] || 66932105-c995-42b2-8c9d-25ca6077282a || GET Request
2020-06-20 22:35:33,557 INFO org.example.rest.Controller [threadPool-1-poolName-MyThreadPool-1] || 66932105-c995-42b2-8c9d-25ca6077282a || GET Request
2020-06-20 22:35:33,557 INFO org.example.rest.Controller [threadPool-1-poolName-MyThreadPool-1] || 66932105-c995-42b2-8c9d-25ca6077282a || GET Request
2020-06-20 22:35:33,557 INFO org.example.rest.Controller [threadPool-1-poolName-MyThreadPool-1] || 66932105-c995-42b2-8c9d-25ca6077282a || GET Request
2020-06-20 22:35:33,557 INFO org.example.rest.Controller [threadPool-1-poolName-MyThreadPool-1] || 66932105-c995-42b2-8c9d-25ca6077282a || GET Request
2020-06-20 22:35:33,557 INFO org.example.rest.Controller [threadPool-1-poolName-MyThreadPool-1] || 66932105-c995-42b2-8c9d-25ca6077282a || GET Request
2020-06-20 22:35:33,557 INFO org.example.rest.Controller [threadPool-1-poolName-MyThreadPool-1] || 66932105-c995-42b2-8c9d-25ca6077282a || GET Request
2020-06-20 22:35:33,557 INFO org.example.rest.Controller [threadPool-1-poolName-MyThreadPool-1] || 66932105-c995-42b2-8c9d-25ca6077282a || GET Request
2020-06-20 22:35:33,557 INFO org.example.rest.Controller [threadPool-1-poolName-MyThreadPool-1] || 66932105-c995-42b2-8c9d-25ca6077282a || GET Request
2020-06-20 22:35:33,557 INFO org.example.rest.Controller [threadPool-1-poolName-MyThreadPool-1] || 66932105-c995-42b2-8c9d-25ca6077282a || GET Request
2020-06-20 22:35:33,557 INFO org.example.rest.Controller [threadPool-1-poolName-MyThreadPool-1] || 66932105-c995-42b2-8c9d-25ca6077282a || GET Request
2020-06-20 22:35:33,557 INFO org.example.rest.Controller [threadPool-1-poolName-MyThreadPool-1] || 66932105-c995-42b2-8c9d-25ca6077282a || GET Request
2020-06-20 22:35:33,557 INFO org.example.rest.Controller [threadPool-1-poolName-MyThreadPool-1] || 66932105-c995-42b2-8c9d-25ca6077282a || GET Request
2020-06-20 22:35:33,557 INFO org.example.rest.Controller [threadPool-1-poolName-MyThreadPool-1] || 66932105-c995-42b2-8c9d-25ca6077282a || GET Request
2020-06-20 22:35:33,561 ERROR org.example.rest.Controller [http-nio-8080-exec-9] ||  || Error
java.lang.RuntimeException: Test error
	at org.example.rest.Controller.lambda$ping$0(Controller.java:42)
	at org.example.mdc.MDCExecutorService.lambda$run$0(MDCExecutorService.java:26)
	at java.util.concurrent.CompletableFuture$AsyncRun.run(CompletableFuture.java:1626)
	at java.util.concurrent.ThreadPoolExecutor.runWorker(ThreadPoolExecutor.java:1149)
	at java.util.concurrent.ThreadPoolExecutor$Worker.run(ThreadPoolExecutor.java:624)
	at java.lang.Thread.run(Thread.java:748)
2020-06-20 22:35:34,192 INFO org.example.rest.Controller [threadPool-1-poolName-MyThreadPool-2] || b456e186-fd80-4ee0-8368-ee64f7d1c2bd || GET Request
2020-06-20 22:35:34,192 INFO org.example.rest.Controller [threadPool-1-poolName-MyThreadPool-2] || b456e186-fd80-4ee0-8368-ee64f7d1c2bd || GET Request
2020-06-20 22:35:34,193 INFO org.example.rest.Controller [threadPool-1-poolName-MyThreadPool-2] || b456e186-fd80-4ee0-8368-ee64f7d1c2bd || GET Request
2020-06-20 22:35:34,193 INFO org.example.rest.Controller [threadPool-1-poolName-MyThreadPool-2] || b456e186-fd80-4ee0-8368-ee64f7d1c2bd || GET Request
2020-06-20 22:35:34,193 INFO org.example.rest.Controller [threadPool-1-poolName-MyThreadPool-2] || b456e186-fd80-4ee0-8368-ee64f7d1c2bd || GET Request
2020-06-20 22:35:34,193 INFO org.example.rest.Controller [threadPool-1-poolName-MyThreadPool-2] || b456e186-fd80-4ee0-8368-ee64f7d1c2bd || GET Request
2020-06-20 22:35:34,193 INFO org.example.rest.Controller [threadPool-1-poolName-MyThreadPool-2] || b456e186-fd80-4ee0-8368-ee64f7d1c2bd || GET Request
2020-06-20 22:35:34,193 INFO org.example.rest.Controller [threadPool-1-poolName-MyThreadPool-2] || b456e186-fd80-4ee0-8368-ee64f7d1c2bd || GET Request
2020-06-20 22:35:34,193 INFO org.example.rest.Controller [threadPool-1-poolName-MyThreadPool-2] || b456e186-fd80-4ee0-8368-ee64f7d1c2bd || GET Request
2020-06-20 22:35:34,193 INFO org.example.rest.Controller [threadPool-1-poolName-MyThreadPool-2] || b456e186-fd80-4ee0-8368-ee64f7d1c2bd || GET Request
2020-06-20 22:35:34,193 INFO org.example.rest.Controller [threadPool-1-poolName-MyThreadPool-2] || b456e186-fd80-4ee0-8368-ee64f7d1c2bd || GET Request
2020-06-20 22:35:34,193 INFO org.example.rest.Controller [threadPool-1-poolName-MyThreadPool-2] || b456e186-fd80-4ee0-8368-ee64f7d1c2bd || GET Request
2020-06-20 22:35:34,193 INFO org.example.rest.Controller [threadPool-1-poolName-MyThreadPool-2] || b456e186-fd80-4ee0-8368-ee64f7d1c2bd || GET Request
2020-06-20 22:35:34,193 INFO org.example.rest.Controller [threadPool-1-poolName-MyThreadPool-2] || b456e186-fd80-4ee0-8368-ee64f7d1c2bd || GET Request
2020-06-20 22:35:34,194 INFO org.example.rest.Controller [threadPool-1-poolName-MyThreadPool-2] || b456e186-fd80-4ee0-8368-ee64f7d1c2bd || GET Request
2020-06-20 22:35:34,194 INFO org.example.rest.Controller [threadPool-1-poolName-MyThreadPool-2] || b456e186-fd80-4ee0-8368-ee64f7d1c2bd || GET Request
2020-06-20 22:35:34,194 INFO org.example.rest.Controller [threadPool-1-poolName-MyThreadPool-2] || b456e186-fd80-4ee0-8368-ee64f7d1c2bd || GET Request
2020-06-20 22:35:34,194 INFO org.example.rest.Controller [threadPool-1-poolName-MyThreadPool-2] || b456e186-fd80-4ee0-8368-ee64f7d1c2bd || GET Request
2020-06-20 22:35:34,194 INFO org.example.rest.Controller [threadPool-1-poolName-MyThreadPool-2] || b456e186-fd80-4ee0-8368-ee64f7d1c2bd || GET Request
2020-06-20 22:35:34,194 INFO org.example.rest.Controller [threadPool-1-poolName-MyThreadPool-2] || b456e186-fd80-4ee0-8368-ee64f7d1c2bd || GET Request
2020-06-20 22:35:34,195 ERROR org.example.rest.Controller [http-nio-8080-exec-10] ||  || Error
java.lang.RuntimeException: Test error
	at org.example.rest.Controller.lambda$ping$0(Controller.java:42)
	at org.example.mdc.MDCExecutorService.lambda$run$0(MDCExecutorService.java:26)
	at java.util.concurrent.CompletableFuture$AsyncRun.run(CompletableFuture.java:1626)
	at java.util.concurrent.ThreadPoolExecutor.runWorker(ThreadPoolExecutor.java:1149)
	at java.util.concurrent.ThreadPoolExecutor$Worker.run(ThreadPoolExecutor.java:624)
	at java.lang.Thread.run(Thread.java:748)
2020-06-20 22:35:34,541 INFO org.example.rest.Controller [threadPool-1-poolName-MyThreadPool-3] || 8bd68890-894f-4884-947d-5527753a6c1e || GET Request
2020-06-20 22:35:34,542 INFO org.example.rest.Controller [threadPool-1-poolName-MyThreadPool-3] || 8bd68890-894f-4884-947d-5527753a6c1e || GET Request
2020-06-20 22:35:34,542 INFO org.example.rest.Controller [threadPool-1-poolName-MyThreadPool-3] || 8bd68890-894f-4884-947d-5527753a6c1e || GET Request
2020-06-20 22:35:34,542 INFO org.example.rest.Controller [threadPool-1-poolName-MyThreadPool-3] || 8bd68890-894f-4884-947d-5527753a6c1e || GET Request
2020-06-20 22:35:34,542 INFO org.example.rest.Controller [threadPool-1-poolName-MyThreadPool-3] || 8bd68890-894f-4884-947d-5527753a6c1e || GET Request
2020-06-20 22:35:34,542 INFO org.example.rest.Controller [threadPool-1-poolName-MyThreadPool-3] || 8bd68890-894f-4884-947d-5527753a6c1e || GET Request
2020-06-20 22:35:34,542 INFO org.example.rest.Controller [threadPool-1-poolName-MyThreadPool-3] || 8bd68890-894f-4884-947d-5527753a6c1e || GET Request
2020-06-20 22:35:34,542 INFO org.example.rest.Controller [threadPool-1-poolName-MyThreadPool-3] || 8bd68890-894f-4884-947d-5527753a6c1e || GET Request
2020-06-20 22:35:34,542 INFO org.example.rest.Controller [threadPool-1-poolName-MyThreadPool-3] || 8bd68890-894f-4884-947d-5527753a6c1e || GET Request
2020-06-20 22:35:34,542 INFO org.example.rest.Controller [threadPool-1-poolName-MyThreadPool-3] || 8bd68890-894f-4884-947d-5527753a6c1e || GET Request
2020-06-20 22:35:34,542 INFO org.example.rest.Controller [threadPool-1-poolName-MyThreadPool-3] || 8bd68890-894f-4884-947d-5527753a6c1e || GET Request
2020-06-20 22:35:34,542 INFO org.example.rest.Controller [threadPool-1-poolName-MyThreadPool-3] || 8bd68890-894f-4884-947d-5527753a6c1e || GET Request
2020-06-20 22:35:34,542 INFO org.example.rest.Controller [threadPool-1-poolName-MyThreadPool-3] || 8bd68890-894f-4884-947d-5527753a6c1e || GET Request
2020-06-20 22:35:34,542 INFO org.example.rest.Controller [threadPool-1-poolName-MyThreadPool-3] || 8bd68890-894f-4884-947d-5527753a6c1e || GET Request
2020-06-20 22:35:34,542 INFO org.example.rest.Controller [threadPool-1-poolName-MyThreadPool-3] || 8bd68890-894f-4884-947d-5527753a6c1e || GET Request
2020-06-20 22:35:34,543 INFO org.example.rest.Controller [threadPool-1-poolName-MyThreadPool-3] || 8bd68890-894f-4884-947d-5527753a6c1e || GET Request
2020-06-20 22:35:34,543 INFO org.example.rest.Controller [threadPool-1-poolName-MyThreadPool-3] || 8bd68890-894f-4884-947d-5527753a6c1e || GET Request
2020-06-20 22:35:34,543 INFO org.example.rest.Controller [threadPool-1-poolName-MyThreadPool-3] || 8bd68890-894f-4884-947d-5527753a6c1e || GET Request
2020-06-20 22:35:34,543 INFO org.example.rest.Controller [threadPool-1-poolName-MyThreadPool-3] || 8bd68890-894f-4884-947d-5527753a6c1e || GET Request
2020-06-20 22:35:34,543 INFO org.example.rest.Controller [threadPool-1-poolName-MyThreadPool-3] || 8bd68890-894f-4884-947d-5527753a6c1e || GET Request
2020-06-20 22:35:34,543 ERROR org.example.rest.Controller [http-nio-8080-exec-1] ||  || Error
java.lang.RuntimeException: Test error
	at org.example.rest.Controller.lambda$ping$0(Controller.java:42)
	at org.example.mdc.MDCExecutorService.lambda$run$0(MDCExecutorService.java:26)
	at java.util.concurrent.CompletableFuture$AsyncRun.run(CompletableFuture.java:1626)
	at java.util.concurrent.ThreadPoolExecutor.runWorker(ThreadPoolExecutor.java:1149)
	at java.util.concurrent.ThreadPoolExecutor$Worker.run(ThreadPoolExecutor.java:624)
	at java.lang.Thread.run(Thread.java:748)
2020-06-20 22:35:34,718 INFO org.example.rest.Controller [threadPool-1-poolName-MyThreadPool-4] || 94d63802-e26e-4e8e-914a-20abd6346e88 || GET Request
2020-06-20 22:35:34,718 INFO org.example.rest.Controller [threadPool-1-poolName-MyThreadPool-4] || 94d63802-e26e-4e8e-914a-20abd6346e88 || GET Request
2020-06-20 22:35:34,718 INFO org.example.rest.Controller [threadPool-1-poolName-MyThreadPool-4] || 94d63802-e26e-4e8e-914a-20abd6346e88 || GET Request
2020-06-20 22:35:34,719 INFO org.example.rest.Controller [threadPool-1-poolName-MyThreadPool-4] || 94d63802-e26e-4e8e-914a-20abd6346e88 || GET Request
2020-06-20 22:35:34,719 INFO org.example.rest.Controller [threadPool-1-poolName-MyThreadPool-4] || 94d63802-e26e-4e8e-914a-20abd6346e88 || GET Request
2020-06-20 22:35:34,719 INFO org.example.rest.Controller [threadPool-1-poolName-MyThreadPool-4] || 94d63802-e26e-4e8e-914a-20abd6346e88 || GET Request
2020-06-20 22:35:34,719 INFO org.example.rest.Controller [threadPool-1-poolName-MyThreadPool-4] || 94d63802-e26e-4e8e-914a-20abd6346e88 || GET Request
2020-06-20 22:35:34,719 INFO org.example.rest.Controller [threadPool-1-poolName-MyThreadPool-4] || 94d63802-e26e-4e8e-914a-20abd6346e88 || GET Request
2020-06-20 22:35:34,719 INFO org.example.rest.Controller [threadPool-1-poolName-MyThreadPool-4] || 94d63802-e26e-4e8e-914a-20abd6346e88 || GET Request
2020-06-20 22:35:34,719 INFO org.example.rest.Controller [threadPool-1-poolName-MyThreadPool-4] || 94d63802-e26e-4e8e-914a-20abd6346e88 || GET Request
2020-06-20 22:35:34,719 INFO org.example.rest.Controller [threadPool-1-poolName-MyThreadPool-4] || 94d63802-e26e-4e8e-914a-20abd6346e88 || GET Request
2020-06-20 22:35:34,719 INFO org.example.rest.Controller [threadPool-1-poolName-MyThreadPool-4] || 94d63802-e26e-4e8e-914a-20abd6346e88 || GET Request
2020-06-20 22:35:34,719 INFO org.example.rest.Controller [threadPool-1-poolName-MyThreadPool-4] || 94d63802-e26e-4e8e-914a-20abd6346e88 || GET Request
2020-06-20 22:35:34,719 INFO org.example.rest.Controller [threadPool-1-poolName-MyThreadPool-4] || 94d63802-e26e-4e8e-914a-20abd6346e88 || GET Request
2020-06-20 22:35:34,719 INFO org.example.rest.Controller [threadPool-1-poolName-MyThreadPool-4] || 94d63802-e26e-4e8e-914a-20abd6346e88 || GET Request
2020-06-20 22:35:34,719 INFO org.example.rest.Controller [threadPool-1-poolName-MyThreadPool-4] || 94d63802-e26e-4e8e-914a-20abd6346e88 || GET Request
2020-06-20 22:35:34,719 INFO org.example.rest.Controller [threadPool-1-poolName-MyThreadPool-4] || 94d63802-e26e-4e8e-914a-20abd6346e88 || GET Request
2020-06-20 22:35:34,719 INFO org.example.rest.Controller [threadPool-1-poolName-MyThreadPool-4] || 94d63802-e26e-4e8e-914a-20abd6346e88 || GET Request
2020-06-20 22:35:34,719 INFO org.example.rest.Controller [threadPool-1-poolName-MyThreadPool-4] || 94d63802-e26e-4e8e-914a-20abd6346e88 || GET Request
2020-06-20 22:35:34,719 INFO org.example.rest.Controller [threadPool-1-poolName-MyThreadPool-4] || 94d63802-e26e-4e8e-914a-20abd6346e88 || GET Request
2020-06-20 22:35:34,720 ERROR org.example.rest.Controller [http-nio-8080-exec-2] ||  || Error
java.lang.RuntimeException: Test error
	at org.example.rest.Controller.lambda$ping$0(Controller.java:42)
	at org.example.mdc.MDCExecutorService.lambda$run$0(MDCExecutorService.java:26)
	at java.util.concurrent.CompletableFuture$AsyncRun.run(CompletableFuture.java:1626)
	at java.util.concurrent.ThreadPoolExecutor.runWorker(ThreadPoolExecutor.java:1149)
	at java.util.concurrent.ThreadPoolExecutor$Worker.run(ThreadPoolExecutor.java:624)
	at java.lang.Thread.run(Thread.java:748)
2020-06-20 22:35:34,864 INFO org.example.rest.Controller [threadPool-1-poolName-MyThreadPool-5] || 1dee6620-8501-4975-82ef-70169a0ba729 || GET Request
2020-06-20 22:35:34,864 INFO org.example.rest.Controller [threadPool-1-poolName-MyThreadPool-5] || 1dee6620-8501-4975-82ef-70169a0ba729 || GET Request
2020-06-20 22:35:34,864 INFO org.example.rest.Controller [threadPool-1-poolName-MyThreadPool-5] || 1dee6620-8501-4975-82ef-70169a0ba729 || GET Request
2020-06-20 22:35:34,864 INFO org.example.rest.Controller [threadPool-1-poolName-MyThreadPool-5] || 1dee6620-8501-4975-82ef-70169a0ba729 || GET Request
2020-06-20 22:35:34,864 INFO org.example.rest.Controller [threadPool-1-poolName-MyThreadPool-5] || 1dee6620-8501-4975-82ef-70169a0ba729 || GET Request
2020-06-20 22:35:34,864 INFO org.example.rest.Controller [threadPool-1-poolName-MyThreadPool-5] || 1dee6620-8501-4975-82ef-70169a0ba729 || GET Request
2020-06-20 22:35:34,864 INFO org.example.rest.Controller [threadPool-1-poolName-MyThreadPool-5] || 1dee6620-8501-4975-82ef-70169a0ba729 || GET Request
2020-06-20 22:35:34,864 INFO org.example.rest.Controller [threadPool-1-poolName-MyThreadPool-5] || 1dee6620-8501-4975-82ef-70169a0ba729 || GET Request
2020-06-20 22:35:34,864 INFO org.example.rest.Controller [threadPool-1-poolName-MyThreadPool-5] || 1dee6620-8501-4975-82ef-70169a0ba729 || GET Request
2020-06-20 22:35:34,864 INFO org.example.rest.Controller [threadPool-1-poolName-MyThreadPool-5] || 1dee6620-8501-4975-82ef-70169a0ba729 || GET Request
2020-06-20 22:35:34,864 INFO org.example.rest.Controller [threadPool-1-poolName-MyThreadPool-5] || 1dee6620-8501-4975-82ef-70169a0ba729 || GET Request
2020-06-20 22:35:34,864 INFO org.example.rest.Controller [threadPool-1-poolName-MyThreadPool-5] || 1dee6620-8501-4975-82ef-70169a0ba729 || GET Request
2020-06-20 22:35:34,864 INFO org.example.rest.Controller [threadPool-1-poolName-MyThreadPool-5] || 1dee6620-8501-4975-82ef-70169a0ba729 || GET Request
2020-06-20 22:35:34,864 INFO org.example.rest.Controller [threadPool-1-poolName-MyThreadPool-5] || 1dee6620-8501-4975-82ef-70169a0ba729 || GET Request
2020-06-20 22:35:34,864 INFO org.example.rest.Controller [threadPool-1-poolName-MyThreadPool-5] || 1dee6620-8501-4975-82ef-70169a0ba729 || GET Request
2020-06-20 22:35:34,865 INFO org.example.rest.Controller [threadPool-1-poolName-MyThreadPool-5] || 1dee6620-8501-4975-82ef-70169a0ba729 || GET Request
2020-06-20 22:35:34,865 INFO org.example.rest.Controller [threadPool-1-poolName-MyThreadPool-5] || 1dee6620-8501-4975-82ef-70169a0ba729 || GET Request
2020-06-20 22:35:34,865 INFO org.example.rest.Controller [threadPool-1-poolName-MyThreadPool-5] || 1dee6620-8501-4975-82ef-70169a0ba729 || GET Request
2020-06-20 22:35:34,865 INFO org.example.rest.Controller [threadPool-1-poolName-MyThreadPool-5] || 1dee6620-8501-4975-82ef-70169a0ba729 || GET Request
2020-06-20 22:35:34,865 INFO org.example.rest.Controller [threadPool-1-poolName-MyThreadPool-5] || 1dee6620-8501-4975-82ef-70169a0ba729 || GET Request
2020-06-20 22:35:34,866 ERROR org.example.rest.Controller [http-nio-8080-exec-3] ||  || Error
java.lang.RuntimeException: Test error
	at org.example.rest.Controller.lambda$ping$0(Controller.java:42)
	at org.example.mdc.MDCExecutorService.lambda$run$0(MDCExecutorService.java:26)
	at java.util.concurrent.CompletableFuture$AsyncRun.run(CompletableFuture.java:1626)
	at java.util.concurrent.ThreadPoolExecutor.runWorker(ThreadPoolExecutor.java:1149)
	at java.util.concurrent.ThreadPoolExecutor$Worker.run(ThreadPoolExecutor.java:624)
	at java.lang.Thread.run(Thread.java:748)
2020-06-20 22:35:35,157 INFO org.example.rest.Controller [threadPool-1-poolName-MyThreadPool-6] || a619d1b7-e267-42a4-8c18-5f0e69f26910 || GET Request
2020-06-20 22:35:35,158 INFO org.example.rest.Controller [threadPool-1-poolName-MyThreadPool-6] || a619d1b7-e267-42a4-8c18-5f0e69f26910 || GET Request
2020-06-20 22:35:35,158 INFO org.example.rest.Controller [threadPool-1-poolName-MyThreadPool-6] || a619d1b7-e267-42a4-8c18-5f0e69f26910 || GET Request
2020-06-20 22:35:35,158 INFO org.example.rest.Controller [threadPool-1-poolName-MyThreadPool-6] || a619d1b7-e267-42a4-8c18-5f0e69f26910 || GET Request
2020-06-20 22:35:35,158 INFO org.example.rest.Controller [threadPool-1-poolName-MyThreadPool-6] || a619d1b7-e267-42a4-8c18-5f0e69f26910 || GET Request
2020-06-20 22:35:35,158 INFO org.example.rest.Controller [threadPool-1-poolName-MyThreadPool-6] || a619d1b7-e267-42a4-8c18-5f0e69f26910 || GET Request
2020-06-20 22:35:35,158 INFO org.example.rest.Controller [threadPool-1-poolName-MyThreadPool-6] || a619d1b7-e267-42a4-8c18-5f0e69f26910 || GET Request
2020-06-20 22:35:35,158 INFO org.example.rest.Controller [threadPool-1-poolName-MyThreadPool-6] || a619d1b7-e267-42a4-8c18-5f0e69f26910 || GET Request
2020-06-20 22:35:35,158 INFO org.example.rest.Controller [threadPool-1-poolName-MyThreadPool-6] || a619d1b7-e267-42a4-8c18-5f0e69f26910 || GET Request
2020-06-20 22:35:35,158 INFO org.example.rest.Controller [threadPool-1-poolName-MyThreadPool-6] || a619d1b7-e267-42a4-8c18-5f0e69f26910 || GET Request
2020-06-20 22:35:35,158 INFO org.example.rest.Controller [threadPool-1-poolName-MyThreadPool-6] || a619d1b7-e267-42a4-8c18-5f0e69f26910 || GET Request
2020-06-20 22:35:35,158 INFO org.example.rest.Controller [threadPool-1-poolName-MyThreadPool-6] || a619d1b7-e267-42a4-8c18-5f0e69f26910 || GET Request
2020-06-20 22:35:35,158 INFO org.example.rest.Controller [threadPool-1-poolName-MyThreadPool-6] || a619d1b7-e267-42a4-8c18-5f0e69f26910 || GET Request
2020-06-20 22:35:35,158 INFO org.example.rest.Controller [threadPool-1-poolName-MyThreadPool-6] || a619d1b7-e267-42a4-8c18-5f0e69f26910 || GET Request
2020-06-20 22:35:35,158 INFO org.example.rest.Controller [threadPool-1-poolName-MyThreadPool-6] || a619d1b7-e267-42a4-8c18-5f0e69f26910 || GET Request
2020-06-20 22:35:35,158 INFO org.example.rest.Controller [threadPool-1-poolName-MyThreadPool-6] || a619d1b7-e267-42a4-8c18-5f0e69f26910 || GET Request
2020-06-20 22:35:35,159 INFO org.example.rest.Controller [threadPool-1-poolName-MyThreadPool-6] || a619d1b7-e267-42a4-8c18-5f0e69f26910 || GET Request
2020-06-20 22:35:35,159 INFO org.example.rest.Controller [threadPool-1-poolName-MyThreadPool-6] || a619d1b7-e267-42a4-8c18-5f0e69f26910 || GET Request
2020-06-20 22:35:35,159 INFO org.example.rest.Controller [threadPool-1-poolName-MyThreadPool-6] || a619d1b7-e267-42a4-8c18-5f0e69f26910 || GET Request
2020-06-20 22:35:35,159 INFO org.example.rest.Controller [threadPool-1-poolName-MyThreadPool-6] || a619d1b7-e267-42a4-8c18-5f0e69f26910 || GET Request
2020-06-20 22:35:35,160 ERROR org.example.rest.Controller [http-nio-8080-exec-4] ||  || Error
java.lang.RuntimeException: Test error
	at org.example.rest.Controller.lambda$ping$0(Controller.java:42)
	at org.example.mdc.MDCExecutorService.lambda$run$0(MDCExecutorService.java:26)
	at java.util.concurrent.CompletableFuture$AsyncRun.run(CompletableFuture.java:1626)
	at java.util.concurrent.ThreadPoolExecutor.runWorker(ThreadPoolExecutor.java:1149)
	at java.util.concurrent.ThreadPoolExecutor$Worker.run(ThreadPoolExecutor.java:624)
	at java.lang.Thread.run(Thread.java:748)
2020-06-20 22:35:35,320 INFO org.example.rest.Controller [threadPool-1-poolName-MyThreadPool-7] || ee03f218-fff6-43d0-88f5-3693e48f2c7e || GET Request
2020-06-20 22:35:35,320 INFO org.example.rest.Controller [threadPool-1-poolName-MyThreadPool-7] || ee03f218-fff6-43d0-88f5-3693e48f2c7e || GET Request
2020-06-20 22:35:35,320 INFO org.example.rest.Controller [threadPool-1-poolName-MyThreadPool-7] || ee03f218-fff6-43d0-88f5-3693e48f2c7e || GET Request
2020-06-20 22:35:35,320 INFO org.example.rest.Controller [threadPool-1-poolName-MyThreadPool-7] || ee03f218-fff6-43d0-88f5-3693e48f2c7e || GET Request
2020-06-20 22:35:35,320 INFO org.example.rest.Controller [threadPool-1-poolName-MyThreadPool-7] || ee03f218-fff6-43d0-88f5-3693e48f2c7e || GET Request
2020-06-20 22:35:35,320 INFO org.example.rest.Controller [threadPool-1-poolName-MyThreadPool-7] || ee03f218-fff6-43d0-88f5-3693e48f2c7e || GET Request
2020-06-20 22:35:35,320 INFO org.example.rest.Controller [threadPool-1-poolName-MyThreadPool-7] || ee03f218-fff6-43d0-88f5-3693e48f2c7e || GET Request
2020-06-20 22:35:35,320 INFO org.example.rest.Controller [threadPool-1-poolName-MyThreadPool-7] || ee03f218-fff6-43d0-88f5-3693e48f2c7e || GET Request
2020-06-20 22:35:35,320 INFO org.example.rest.Controller [threadPool-1-poolName-MyThreadPool-7] || ee03f218-fff6-43d0-88f5-3693e48f2c7e || GET Request
2020-06-20 22:35:35,320 INFO org.example.rest.Controller [threadPool-1-poolName-MyThreadPool-7] || ee03f218-fff6-43d0-88f5-3693e48f2c7e || GET Request
2020-06-20 22:35:35,320 INFO org.example.rest.Controller [threadPool-1-poolName-MyThreadPool-7] || ee03f218-fff6-43d0-88f5-3693e48f2c7e || GET Request
2020-06-20 22:35:35,320 INFO org.example.rest.Controller [threadPool-1-poolName-MyThreadPool-7] || ee03f218-fff6-43d0-88f5-3693e48f2c7e || GET Request
2020-06-20 22:35:35,320 INFO org.example.rest.Controller [threadPool-1-poolName-MyThreadPool-7] || ee03f218-fff6-43d0-88f5-3693e48f2c7e || GET Request
2020-06-20 22:35:35,320 INFO org.example.rest.Controller [threadPool-1-poolName-MyThreadPool-7] || ee03f218-fff6-43d0-88f5-3693e48f2c7e || GET Request
2020-06-20 22:35:35,320 INFO org.example.rest.Controller [threadPool-1-poolName-MyThreadPool-7] || ee03f218-fff6-43d0-88f5-3693e48f2c7e || GET Request
2020-06-20 22:35:35,320 INFO org.example.rest.Controller [threadPool-1-poolName-MyThreadPool-7] || ee03f218-fff6-43d0-88f5-3693e48f2c7e || GET Request
2020-06-20 22:35:35,320 INFO org.example.rest.Controller [threadPool-1-poolName-MyThreadPool-7] || ee03f218-fff6-43d0-88f5-3693e48f2c7e || GET Request
2020-06-20 22:35:35,320 INFO org.example.rest.Controller [threadPool-1-poolName-MyThreadPool-7] || ee03f218-fff6-43d0-88f5-3693e48f2c7e || GET Request
2020-06-20 22:35:35,320 INFO org.example.rest.Controller [threadPool-1-poolName-MyThreadPool-7] || ee03f218-fff6-43d0-88f5-3693e48f2c7e || GET Request
2020-06-20 22:35:35,320 INFO org.example.rest.Controller [threadPool-1-poolName-MyThreadPool-7] || ee03f218-fff6-43d0-88f5-3693e48f2c7e || GET Request
2020-06-20 22:35:35,321 ERROR org.example.rest.Controller [http-nio-8080-exec-5] ||  || Error
java.lang.RuntimeException: Test error
	at org.example.rest.Controller.lambda$ping$0(Controller.java:42)
	at org.example.mdc.MDCExecutorService.lambda$run$0(MDCExecutorService.java:26)
	at java.util.concurrent.CompletableFuture$AsyncRun.run(CompletableFuture.java:1626)
	at java.util.concurrent.ThreadPoolExecutor.runWorker(ThreadPoolExecutor.java:1149)
	at java.util.concurrent.ThreadPoolExecutor$Worker.run(ThreadPoolExecutor.java:624)
	at java.lang.Thread.run(Thread.java:748)
